c:\users\dmitry\source\repos\golden_home_project\debug\vc142.pdb
c:\users\dmitry\source\repos\golden_home_project\debug\user.obj
c:\users\dmitry\source\repos\golden_home_project\debug\splashscreen.obj
c:\users\dmitry\source\repos\golden_home_project\debug\roomform.obj
c:\users\dmitry\source\repos\golden_home_project\debug\residentialproperty.obj
c:\users\dmitry\source\repos\golden_home_project\debug\property.obj
c:\users\dmitry\source\repos\golden_home_project\debug\plotform.obj
c:\users\dmitry\source\repos\golden_home_project\debug\officeform.obj
c:\users\dmitry\source\repos\golden_home_project\debug\office.obj
c:\users\dmitry\source\repos\golden_home_project\debug\notresidentialproperties.obj
c:\users\dmitry\source\repos\golden_home_project\debug\nonresidentialbuilding.obj
c:\users\dmitry\source\repos\golden_home_project\debug\myexception.obj
c:\users\dmitry\source\repos\golden_home_project\debug\houseform.obj
c:\users\dmitry\source\repos\golden_home_project\debug\house.obj
c:\users\dmitry\source\repos\golden_home_project\debug\functions.obj
c:\users\dmitry\source\repos\golden_home_project\debug\flatform.obj
c:\users\dmitry\source\repos\golden_home_project\debug\flat.obj
c:\users\dmitry\source\repos\golden_home_project\debug\buildingform.obj
c:\users\dmitry\source\repos\golden_home_project\debug\authorizationform.obj
c:\users\dmitry\source\repos\golden_home_project\debug\adminmenuuserform.obj
c:\users\dmitry\source\repos\golden_home_project\debug\adminmenuform.obj
c:\users\dmitry\source\repos\golden_home_project\debug\.netframework,version=v4.7.2.assemblyattributes.obj
c:\users\dmitry\source\repos\golden_home_project\debug\userroomform.obj
c:\users\dmitry\source\repos\golden_home_project\debug\userplotform.obj
c:\users\dmitry\source\repos\golden_home_project\debug\userofficeform.obj
c:\users\dmitry\source\repos\golden_home_project\debug\usermenuform.obj
c:\users\dmitry\source\repos\golden_home_project\debug\userhouseform.obj
c:\users\dmitry\source\repos\golden_home_project\debug\userflatform.obj
c:\users\dmitry\source\repos\golden_home_project\debug\userbuildingform.obj
c:\users\dmitry\source\repos\golden_home_project\debug\goldenhomeproject.adminmenuform.resources
c:\users\dmitry\source\repos\golden_home_project\debug\goldenhomeproject.adminmenuuserform.resources
c:\users\dmitry\source\repos\golden_home_project\debug\goldenhomeproject.authorizationform.resources
c:\users\dmitry\source\repos\golden_home_project\debug\goldenhomeproject.buildingform.resources
c:\users\dmitry\source\repos\golden_home_project\debug\goldenhomeproject.flatform.resources
c:\users\dmitry\source\repos\golden_home_project\debug\goldenhomeproject.houseform.resources
c:\users\dmitry\source\repos\golden_home_project\debug\goldenhomeproject.officeform.resources
c:\users\dmitry\source\repos\golden_home_project\debug\goldenhomeproject.plotform.resources
c:\users\dmitry\source\repos\golden_home_project\debug\goldenhomeproject.roomform.resources
c:\users\dmitry\source\repos\golden_home_project\debug\goldenhomeproject.splashscreen.resources
c:\users\dmitry\source\repos\golden_home_project\debug\goldenhomeproject.userbuildingform.resources
c:\users\dmitry\source\repos\golden_home_project\debug\goldenhomeproject.userflatform.resources
c:\users\dmitry\source\repos\golden_home_project\debug\goldenhomeproject.userhouseform.resources
c:\users\dmitry\source\repos\golden_home_project\debug\goldenhomeproject.usermenuform.resources
c:\users\dmitry\source\repos\golden_home_project\debug\goldenhomeproject.userofficeform.resources
c:\users\dmitry\source\repos\golden_home_project\debug\goldenhomeproject.userplotform.resources
c:\users\dmitry\source\repos\golden_home_project\debug\goldenhomeproject.userroomform.resources
c:\users\dmitry\source\repos\golden_home_project\debug\golden_home_project.exe
c:\users\dmitry\source\repos\golden_home_project\debug\golden_home_project.pdb
c:\users\dmitry\source\repos\golden_home_project\debug\golden_home_project.exe.metagen
c:\users\dmitry\source\repos\golden_home_project\debug\golden_h.0313b0a2.tlog\cl.command.1.tlog
c:\users\dmitry\source\repos\golden_home_project\debug\golden_h.0313b0a2.tlog\cl.read.1.tlog
c:\users\dmitry\source\repos\golden_home_project\debug\golden_h.0313b0a2.tlog\cl.write.1.tlog
c:\users\dmitry\source\repos\golden_home_project\debug\golden_h.0313b0a2.tlog\golden_home_project.write.1u.tlog
c:\users\dmitry\source\repos\golden_home_project\debug\golden_h.0313b0a2.tlog\link.command.1.tlog
c:\users\dmitry\source\repos\golden_home_project\debug\golden_h.0313b0a2.tlog\link.read.1.tlog
c:\users\dmitry\source\repos\golden_home_project\debug\golden_h.0313b0a2.tlog\link.write.1.tlog
c:\users\dmitry\source\repos\golden_home_project\debug\golden_h.0313b0a2.tlog\metagen.read.1.tlog
c:\users\dmitry\source\repos\golden_home_project\debug\golden_h.0313b0a2.tlog\metagen.write.1.tlog
